<?xml version="1.0" encoding="UTF-8"?>
<testsuite name="com.mockcompany.webapp.controller.ProductsControllerSpec" tests="1" skipped="0" failures="0" errors="0" timestamp="2024-09-02T00:52:24" hostname="Mouhameds-MacBook-Air.local" time="0.507">
  <properties/>
  <testcase name="GET on /api/products/list will return all products" classname="com.mockcompany.webapp.controller.ProductsControllerSpec" time="0.507"/>
  <system-out><![CDATA[2024-09-02 04:52:24.617  INFO 17604 --- [    Test worker] .b.t.c.SpringBootTestContextBootstrapper : Neither @ContextConfiguration nor @ContextHierarchy found for test class [com.mockcompany.webapp.controller.ProductsControllerSpec], using SpringBootContextLoader
2024-09-02 04:52:24.617  INFO 17604 --- [    Test worker] o.s.t.c.support.AbstractContextLoader    : Could not detect default resource locations for test class [com.mockcompany.webapp.controller.ProductsControllerSpec]: no resource found for suffixes {-context.xml, Context.groovy}.
2024-09-02 04:52:24.617  INFO 17604 --- [    Test worker] t.c.s.AnnotationConfigContextLoaderUtils : Could not detect default configuration classes for test class [com.mockcompany.webapp.controller.ProductsControllerSpec]: ProductsControllerSpec does not declare any static, non-private, non-final, nested classes annotated with @Configuration.
2024-09-02 04:52:24.621  INFO 17604 --- [    Test worker] .b.t.c.SpringBootTestContextBootstrapper : Found @SpringBootConfiguration com.mockcompany.webapp.Application for test class com.mockcompany.webapp.controller.ProductsControllerSpec
2024-09-02 04:52:24.622  INFO 17604 --- [    Test worker] .b.t.c.SpringBootTestContextBootstrapper : Loaded default TestExecutionListener class names from location [META-INF/spring.factories]: [org.spockframework.spring.SpringMockTestExecutionListener, org.springframework.boot.test.autoconfigure.restdocs.RestDocsTestExecutionListener, org.springframework.boot.test.autoconfigure.web.client.MockRestServiceServerResetTestExecutionListener, org.springframework.boot.test.autoconfigure.web.servlet.MockMvcPrintOnlyOnFailureTestExecutionListener, org.springframework.boot.test.autoconfigure.web.servlet.WebDriverTestExecutionListener, org.springframework.boot.test.autoconfigure.webservices.client.MockWebServiceServerTestExecutionListener, org.springframework.boot.test.mock.mockito.MockitoTestExecutionListener, org.springframework.boot.test.mock.mockito.ResetMocksTestExecutionListener, org.springframework.test.context.web.ServletTestExecutionListener, org.springframework.test.context.support.DirtiesContextBeforeModesTestExecutionListener, org.springframework.test.context.event.ApplicationEventsTestExecutionListener, org.springframework.test.context.support.DependencyInjectionTestExecutionListener, org.springframework.test.context.support.DirtiesContextTestExecutionListener, org.springframework.test.context.transaction.TransactionalTestExecutionListener, org.springframework.test.context.jdbc.SqlScriptsTestExecutionListener, org.springframework.test.context.event.EventPublishingTestExecutionListener]
2024-09-02 04:52:24.622  INFO 17604 --- [    Test worker] .b.t.c.SpringBootTestContextBootstrapper : Using TestExecutionListeners: [org.springframework.test.context.web.ServletTestExecutionListener@4f239a76, org.springframework.test.context.support.DirtiesContextBeforeModesTestExecutionListener@1ac30be4, org.springframework.test.context.event.ApplicationEventsTestExecutionListener@419c70f6, org.springframework.boot.test.mock.mockito.MockitoTestExecutionListener@190cc39e, org.springframework.boot.test.autoconfigure.SpringBootDependencyInjectionTestExecutionListener@4a2f1ae3, org.springframework.test.context.support.DirtiesContextTestExecutionListener@48b1b469, org.springframework.test.context.transaction.TransactionalTestExecutionListener@6a887649, org.springframework.test.context.jdbc.SqlScriptsTestExecutionListener@15e748b5, org.springframework.test.context.event.EventPublishingTestExecutionListener@27ada0e8, org.springframework.boot.test.autoconfigure.restdocs.RestDocsTestExecutionListener@62fa4a88, org.springframework.boot.test.autoconfigure.web.client.MockRestServiceServerResetTestExecutionListener@4b6942a0, org.springframework.boot.test.autoconfigure.web.servlet.MockMvcPrintOnlyOnFailureTestExecutionListener@64641998, org.springframework.boot.test.autoconfigure.web.servlet.WebDriverTestExecutionListener@2e845f1c, org.springframework.boot.test.autoconfigure.webservices.client.MockWebServiceServerTestExecutionListener@1e9afe4e, org.springframework.boot.test.mock.mockito.ResetMocksTestExecutionListener@1f67d37f, org.spockframework.spring.SpringMockTestExecutionListener@5b8ba1d2]

  .   ____          _            __ _ _
 /\\ / ___'_ __ _ _(_)_ __  __ _ \ \ \ \
( ( )\___ | '_ | '_| | '_ \/ _` | \ \ \ \
 \\/  ___)| |_)| | | | | || (_| |  ) ) ) )
  '  |____| .__|_| |_|_| |_\__, | / / / /
 =========|_|==============|___/=/_/_/_/
 :: Spring Boot ::                (v2.5.1)

2024-09-02 04:52:24.643  INFO 17604 --- [    Test worker] c.m.w.controller.ProductsControllerSpec  : Starting ProductsControllerSpec using Java 21.0.2 on Mouhameds-MacBook-Air.local with PID 17604 (/Users/mouhamedraid/Documents/GitHub/Accenture-software-engineering/build/classes/groovy/test started by mouhamedraid in /Users/mouhamedraid/Documents/GitHub/Accenture-software-engineering)
2024-09-02 04:52:24.644  INFO 17604 --- [    Test worker] c.m.w.controller.ProductsControllerSpec  : No active profile set, falling back to default profiles: default
2024-09-02 04:52:24.721  INFO 17604 --- [    Test worker] .s.d.r.c.RepositoryConfigurationDelegate : Bootstrapping Spring Data JPA repositories in DEFAULT mode.
2024-09-02 04:52:24.726  INFO 17604 --- [    Test worker] .s.d.r.c.RepositoryConfigurationDelegate : Finished Spring Data repository scanning in 4 ms. Found 1 JPA repository interfaces.
2024-09-02 04:52:24.781  INFO 17604 --- [    Test worker] com.zaxxer.hikari.HikariDataSource       : HikariPool-2 - Starting...
2024-09-02 04:52:24.782  INFO 17604 --- [    Test worker] com.zaxxer.hikari.HikariDataSource       : HikariPool-2 - Start completed.
2024-09-02 04:52:24.794  INFO 17604 --- [    Test worker] o.hibernate.jpa.internal.util.LogHelper  : HHH000204: Processing PersistenceUnitInfo [name: default]
2024-09-02 04:52:24.796  INFO 17604 --- [    Test worker] org.hibernate.dialect.Dialect            : HHH000400: Using dialect: org.hibernate.dialect.H2Dialect
2024-09-02 04:52:24.814  INFO 17604 --- [    Test worker] o.h.e.t.j.p.i.JtaPlatformInitiator       : HHH000490: Using JtaPlatform implementation: [org.hibernate.engine.transaction.jta.platform.internal.NoJtaPlatform]
2024-09-02 04:52:24.814  INFO 17604 --- [    Test worker] j.LocalContainerEntityManagerFactoryBean : Initialized JPA EntityManagerFactory for persistence unit 'default'
2024-09-02 04:52:24.921  WARN 17604 --- [    Test worker] JpaBaseConfiguration$JpaWebConfiguration : spring.jpa.open-in-view is enabled by default. Therefore, database queries may be performed during view rendering. Explicitly configure spring.jpa.open-in-view to disable this warning
2024-09-02 04:52:25.042  INFO 17604 --- [    Test worker] o.s.b.t.m.w.SpringBootMockServletContext : Initializing Spring TestDispatcherServlet ''
2024-09-02 04:52:25.042  INFO 17604 --- [    Test worker] o.s.t.web.servlet.TestDispatcherServlet  : Initializing Servlet ''
2024-09-02 04:52:25.043  INFO 17604 --- [    Test worker] o.s.t.web.servlet.TestDispatcherServlet  : Completed initialization in 0 ms
2024-09-02 04:52:25.048  INFO 17604 --- [    Test worker] c.m.w.controller.ProductsControllerSpec  : Started ProductsControllerSpec in 0.419 seconds (JVM running for 3.683)
]]></system-out>
  <system-err><![CDATA[]]></system-err>
</testsuite>
