<?xml version="1.0" encoding="UTF-8"?>
<testsuite name="com.mockcompany.webapp.controller.ReportControllerSpec" tests="1" skipped="0" failures="0" errors="0" timestamp="2024-09-02T00:52:25" hostname="Mouhameds-MacBook-Air.local" time="0.065">
  <properties/>
  <testcase name="reports correct number of results for each important term" classname="com.mockcompany.webapp.controller.ReportControllerSpec" time="0.065"/>
  <system-out><![CDATA[2024-09-02 04:52:25.137  INFO 17604 --- [    Test worker] .b.t.c.SpringBootTestContextBootstrapper : Neither @ContextConfiguration nor @ContextHierarchy found for test class [com.mockcompany.webapp.controller.ReportControllerSpec], using SpringBootContextLoader
2024-09-02 04:52:25.137  INFO 17604 --- [    Test worker] o.s.t.c.support.AbstractContextLoader    : Could not detect default resource locations for test class [com.mockcompany.webapp.controller.ReportControllerSpec]: no resource found for suffixes {-context.xml, Context.groovy}.
2024-09-02 04:52:25.137  INFO 17604 --- [    Test worker] t.c.s.AnnotationConfigContextLoaderUtils : Could not detect default configuration classes for test class [com.mockcompany.webapp.controller.ReportControllerSpec]: ReportControllerSpec does not declare any static, non-private, non-final, nested classes annotated with @Configuration.
2024-09-02 04:52:25.138  INFO 17604 --- [    Test worker] .b.t.c.SpringBootTestContextBootstrapper : Found @SpringBootConfiguration com.mockcompany.webapp.Application for test class com.mockcompany.webapp.controller.ReportControllerSpec
2024-09-02 04:52:25.139  INFO 17604 --- [    Test worker] .b.t.c.SpringBootTestContextBootstrapper : Loaded default TestExecutionListener class names from location [META-INF/spring.factories]: [org.spockframework.spring.SpringMockTestExecutionListener, org.springframework.boot.test.autoconfigure.restdocs.RestDocsTestExecutionListener, org.springframework.boot.test.autoconfigure.web.client.MockRestServiceServerResetTestExecutionListener, org.springframework.boot.test.autoconfigure.web.servlet.MockMvcPrintOnlyOnFailureTestExecutionListener, org.springframework.boot.test.autoconfigure.web.servlet.WebDriverTestExecutionListener, org.springframework.boot.test.autoconfigure.webservices.client.MockWebServiceServerTestExecutionListener, org.springframework.boot.test.mock.mockito.MockitoTestExecutionListener, org.springframework.boot.test.mock.mockito.ResetMocksTestExecutionListener, org.springframework.test.context.web.ServletTestExecutionListener, org.springframework.test.context.support.DirtiesContextBeforeModesTestExecutionListener, org.springframework.test.context.event.ApplicationEventsTestExecutionListener, org.springframework.test.context.support.DependencyInjectionTestExecutionListener, org.springframework.test.context.support.DirtiesContextTestExecutionListener, org.springframework.test.context.transaction.TransactionalTestExecutionListener, org.springframework.test.context.jdbc.SqlScriptsTestExecutionListener, org.springframework.test.context.event.EventPublishingTestExecutionListener]
2024-09-02 04:52:25.139  INFO 17604 --- [    Test worker] .b.t.c.SpringBootTestContextBootstrapper : Using TestExecutionListeners: [org.springframework.test.context.web.ServletTestExecutionListener@c11ec9b, org.springframework.test.context.support.DirtiesContextBeforeModesTestExecutionListener@fd8513b, org.springframework.test.context.event.ApplicationEventsTestExecutionListener@18372705, org.springframework.boot.test.mock.mockito.MockitoTestExecutionListener@418f0f27, org.springframework.boot.test.autoconfigure.SpringBootDependencyInjectionTestExecutionListener@427946b9, org.springframework.test.context.support.DirtiesContextTestExecutionListener@fe58644, org.springframework.test.context.transaction.TransactionalTestExecutionListener@2ecb87b2, org.springframework.test.context.jdbc.SqlScriptsTestExecutionListener@1704437b, org.springframework.test.context.event.EventPublishingTestExecutionListener@1f4083ac, org.springframework.boot.test.autoconfigure.restdocs.RestDocsTestExecutionListener@3cb4f1a6, org.springframework.boot.test.autoconfigure.web.client.MockRestServiceServerResetTestExecutionListener@4e301795, org.springframework.boot.test.autoconfigure.web.servlet.MockMvcPrintOnlyOnFailureTestExecutionListener@7b1a9ab3, org.springframework.boot.test.autoconfigure.web.servlet.WebDriverTestExecutionListener@605c2b9f, org.springframework.boot.test.autoconfigure.webservices.client.MockWebServiceServerTestExecutionListener@7bfedff3, org.springframework.boot.test.mock.mockito.ResetMocksTestExecutionListener@35bcf3a6, org.spockframework.spring.SpringMockTestExecutionListener@1adc38a0]
]]></system-out>
  <system-err><![CDATA[]]></system-err>
</testsuite>
