<?xml version="1.0" encoding="UTF-8"?>
<testsuite name="com.mockcompany.webapp.controller.SearchControllerSpec" tests="7" skipped="0" failures="0" errors="0" timestamp="2024-09-02T01:31:17" hostname="Mouhameds-MacBook-Air.local" time="0.044">
  <properties/>
  <testcase name="search will return an item that matches the name of the product" classname="com.mockcompany.webapp.controller.SearchControllerSpec" time="0.014"/>
  <testcase name="search will return multiple items when there are matches in the name" classname="com.mockcompany.webapp.controller.SearchControllerSpec" time="0.005"/>
  <testcase name="search is case insensitive" classname="com.mockcompany.webapp.controller.SearchControllerSpec" time="0.005"/>
  <testcase name="search will return an item that matches the description of the product" classname="com.mockcompany.webapp.controller.SearchControllerSpec" time="0.005"/>
  <testcase name="search will return multiple items when there are matches in the description" classname="com.mockcompany.webapp.controller.SearchControllerSpec" time="0.005"/>
  <testcase name="search will return items if name or description match the search" classname="com.mockcompany.webapp.controller.SearchControllerSpec" time="0.005"/>
  <testcase name="search will only match exactly on name or description when quotes are used" classname="com.mockcompany.webapp.controller.SearchControllerSpec" time="0.005"/>
  <system-out><![CDATA[2024-09-02 05:31:17.228  INFO 34697 --- [    Test worker] .b.t.c.SpringBootTestContextBootstrapper : Neither @ContextConfiguration nor @ContextHierarchy found for test class [com.mockcompany.webapp.controller.SearchControllerSpec], using SpringBootContextLoader
2024-09-02 05:31:17.228  INFO 34697 --- [    Test worker] o.s.t.c.support.AbstractContextLoader    : Could not detect default resource locations for test class [com.mockcompany.webapp.controller.SearchControllerSpec]: no resource found for suffixes {-context.xml, Context.groovy}.
2024-09-02 05:31:17.228  INFO 34697 --- [    Test worker] t.c.s.AnnotationConfigContextLoaderUtils : Could not detect default configuration classes for test class [com.mockcompany.webapp.controller.SearchControllerSpec]: SearchControllerSpec does not declare any static, non-private, non-final, nested classes annotated with @Configuration.
2024-09-02 05:31:17.229  INFO 34697 --- [    Test worker] .b.t.c.SpringBootTestContextBootstrapper : Found @SpringBootConfiguration com.mockcompany.webapp.Application for test class com.mockcompany.webapp.controller.SearchControllerSpec
2024-09-02 05:31:17.230  INFO 34697 --- [    Test worker] .b.t.c.SpringBootTestContextBootstrapper : Loaded default TestExecutionListener class names from location [META-INF/spring.factories]: [org.spockframework.spring.SpringMockTestExecutionListener, org.springframework.boot.test.autoconfigure.restdocs.RestDocsTestExecutionListener, org.springframework.boot.test.autoconfigure.web.client.MockRestServiceServerResetTestExecutionListener, org.springframework.boot.test.autoconfigure.web.servlet.MockMvcPrintOnlyOnFailureTestExecutionListener, org.springframework.boot.test.autoconfigure.web.servlet.WebDriverTestExecutionListener, org.springframework.boot.test.autoconfigure.webservices.client.MockWebServiceServerTestExecutionListener, org.springframework.boot.test.mock.mockito.MockitoTestExecutionListener, org.springframework.boot.test.mock.mockito.ResetMocksTestExecutionListener, org.springframework.test.context.web.ServletTestExecutionListener, org.springframework.test.context.support.DirtiesContextBeforeModesTestExecutionListener, org.springframework.test.context.event.ApplicationEventsTestExecutionListener, org.springframework.test.context.support.DependencyInjectionTestExecutionListener, org.springframework.test.context.support.DirtiesContextTestExecutionListener, org.springframework.test.context.transaction.TransactionalTestExecutionListener, org.springframework.test.context.jdbc.SqlScriptsTestExecutionListener, org.springframework.test.context.event.EventPublishingTestExecutionListener]
2024-09-02 05:31:17.230  INFO 34697 --- [    Test worker] .b.t.c.SpringBootTestContextBootstrapper : Using TestExecutionListeners: [org.springframework.test.context.web.ServletTestExecutionListener@6ba19932, org.springframework.test.context.support.DirtiesContextBeforeModesTestExecutionListener@42f9b425, org.springframework.test.context.event.ApplicationEventsTestExecutionListener@37351baa, org.springframework.boot.test.mock.mockito.MockitoTestExecutionListener@79de00af, org.springframework.boot.test.autoconfigure.SpringBootDependencyInjectionTestExecutionListener@1ed17eaf, org.springframework.test.context.support.DirtiesContextTestExecutionListener@1106a9cc, org.springframework.test.context.transaction.TransactionalTestExecutionListener@ef1080d, org.springframework.test.context.jdbc.SqlScriptsTestExecutionListener@723aa04, org.springframework.test.context.event.EventPublishingTestExecutionListener@12128849, org.springframework.boot.test.autoconfigure.restdocs.RestDocsTestExecutionListener@367e0b0e, org.springframework.boot.test.autoconfigure.web.client.MockRestServiceServerResetTestExecutionListener@3049dcac, org.springframework.boot.test.autoconfigure.web.servlet.MockMvcPrintOnlyOnFailureTestExecutionListener@2a20332b, org.springframework.boot.test.autoconfigure.web.servlet.WebDriverTestExecutionListener@2cf6b6e6, org.springframework.boot.test.autoconfigure.webservices.client.MockWebServiceServerTestExecutionListener@6a16ee0d, org.springframework.boot.test.mock.mockito.ResetMocksTestExecutionListener@1444e35f, org.spockframework.spring.SpringMockTestExecutionListener@3f563397]
]]></system-out>
  <system-err><![CDATA[]]></system-err>
</testsuite>
